### 04.03.2022 21:18:22
Array
(
)



### 04.03.2022 21:18:37
Array
(
    [title] => Бухи
    [message] => Файл загружен
    [files] => Array
        (
            [0] => 1.html
            [1] => 2.html
        )

)



### 12.03.2022 13:35:28
Array
(
    [title] => Бухи
    [message] => Файл загружен
    [files_upload_example] => Array
        (
            [0] => 1.html
            [1] => 2.html
        )

)



### 12.03.2022 13:35:30
Array
(
    [title] => Бухи
    [message] => Файл загружен
    [files_upload_example] => Array
        (
            [0] => 1.html
            [1] => 2.html
        )

)



### 12.03.2022 13:35:38
Array
(
    [title] => Бухи
    [message] => Файл загружен
    [files_upload_example] => Array
        (
            [0] => 1.html
            [1] => 2.html
        )

)



### 12.03.2022 13:35:40
Array
(
    [title] => Бухи
    [message] => Файл загружен
    [files_upload_example] => Array
        (
            [0] => 1.html
            [1] => 2.html
        )

)



### 12.03.2022 13:35:57
Array
(
    [title] => Бухи
    [message] => Файл загружен
    [files_upload_example] => Array
        (
            [0] => 1.html
            [1] => 2.html
        )

)



### 13.03.2022 13:02:09
Array
(
    [title] => Бухи
    [message] => Файл загружен
    [files_upload_example] => Array
        (
            [0] => 1.html
            [1] => 2.html
        )

)



### 13.03.2022 13:05:21
Array
(
    [title] => Бухи
    [message] => Файл загружен
    [files_upload_example] => Array
        (
            [0] => 1.html
            [1] => 2.html
        )

)



