### 04.03.2022 21:18:22
Array
(
)



### 04.03.2022 21:18:37
Array
(
    [title] => Бухи
    [message] => Файл загружен
    [files] => Array
        (
            [0] => 1.html
            [1] => 2.html
        )

)



### 12.03.2022 13:35:28
Array
(
    [title] => Бухи
    [message] => Файл загружен
    [files_upload_example] => Array
        (
            [0] => 1.html
            [1] => 2.html
        )

)



### 12.03.2022 13:35:30
Array
(
    [title] => Бухи
    [message] => Файл загружен
    [files_upload_example] => Array
        (
            [0] => 1.html
            [1] => 2.html
        )

)



### 12.03.2022 13:35:38
Array
(
    [title] => Бухи
    [message] => Файл загружен
    [files_upload_example] => Array
        (
            [0] => 1.html
            [1] => 2.html
        )

)



### 12.03.2022 13:35:40
Array
(
    [title] => Бухи
    [message] => Файл загружен
    [files_upload_example] => Array
        (
            [0] => 1.html
            [1] => 2.html
        )

)



### 12.03.2022 13:35:57
Array
(
    [title] => Бухи
    [message] => Файл загружен
    [files_upload_example] => Array
        (
            [0] => 1.html
            [1] => 2.html
        )

)



### 13.03.2022 13:02:09
Array
(
    [title] => Бухи
    [message] => Файл загружен
    [files_upload_example] => Array
        (
            [0] => 1.html
            [1] => 2.html
        )

)



### 13.03.2022 13:05:21
Array
(
    [title] => Бухи
    [message] => Файл загружен
    [files_upload_example] => Array
        (
            [0] => 1.html
            [1] => 2.html
        )

)



### 19.03.2022 09:10:47
Array
(
    [title] => Бухи
    [message] => Файл загружен
    [files_upload_example] => Array
        (
            [0] => 1.html
            [1] => 2.html
        )

)



### 19.03.2022 09:10:52
Array
(
    [title] => Бухи
    [message] => Файл загружен
    [files_upload_example] => Array
        (
            [0] => 1.html
            [1] => 2.html
        )

)



### 19.03.2022 09:10:55
Array
(
    [title] => Бухи
    [message] => Файл загружен
    [files_upload_example] => Array
        (
            [0] => 1.html
            [1] => 2.html
        )

)



### 19.03.2022 09:26:11
Array
(
    [title] => Бухи
    [message] => Файл загружен
    [files_upload_example] => Array
        (
            [0] => 1.html
            [1] => 2.html
        )

)



### 19.03.2022 09:26:50
Array
(
    [title] => Бухи
    [message] => Файл загружен
    [files_upload_example] => Array
        (
            [0] => 1.html
            [1] => 2.html
        )

)



### 19.03.2022 09:30:21
Array
(
    [title] => Бухи
    [message] => Файл загружен
    [files_upload_example] => Array
        (
            [0] => 1.html
            [1] => 2.html
        )

)



### 19.03.2022 10:11:14
Array
(
    [title] => Бухи
    [message] => Файл загружен
    [files_upload_example] => Array
        (
            [0] => 1.html
            [1] => 2.html
        )

)



### 19.03.2022 10:11:44
Array
(
    [title] => Бухи
    [message] => Файл загружен
    [files_upload_example] => Array
        (
            [0] => 1.html
            [1] => 2.html
        )

)



### 19.03.2022 10:14:34
Array
(
    [title] => Бухи
    [message] => Файл загружен
    [files_upload_example] => Array
        (
            [0] => 1.html
            [1] => 2.html
        )

)



### 19.03.2022 10:15:38
Array
(
    [title] => Бухи
    [message] => Файл загружен
    [files] => Array
        (
            [0] => 1.html
            [1] => 2.html
        )

)



### 28.03.2022 07:32:32
Array
(
    [title] => Бухи
    [message] => Файл загружен
    [files] => Array
        (
            [0] => 1.html
            [1] => 2.html
        )

)



### 28.03.2022 07:49:01
Array
(
    [title] => Бухи
    [message] => Файл загружен
    [files] => Array
        (
            [0] => 1.html
            [1] => 2.html
        )

)



### 28.03.2022 09:20:32
Array
(
    [title] => Бухи
    [message] => Файл загружен
    [files] => Array
        (
            [0] => 1.html
            [1] => 2.html
        )

)



### 28.03.2022 09:20:52
Array
(
    [title] => Бухи
    [message] => Файл загружен
    [files] => Array
        (
            [0] => 1.html
            [1] => 2.html
        )

)



### 28.03.2022 09:40:03
Array
(
    [title] => Бухи
    [message] => Файл загружен
    [files] => Array
        (
            [0] => 1.html
            [1] => 2.html
        )

)



### 28.03.2022 09:44:49
Array
(
    [title] => Бухи
    [message] => Файл загружен
    [files] => Array
        (
            [0] => 1.html
            [1] => 2.html
        )

)



### 28.03.2022 09:47:10
Array
(
    [title] => Бухи
    [message] => Файл загружен
    [files] => Array
        (
            [0] => 1.html
            [1] => 2.html
        )

)



### 28.03.2022 10:17:14
Array
(
    [title] => Бухи
    [message] => Файл загружен
    [files] => Array
        (
            [0] => 1.html
            [1] => 2.html
        )

)



### 28.03.2022 12:08:59
Array
(
    [title] => Бухи
    [message] => Файл загружен
    [files] => Array
        (
            [0] => 1.html
            [1] => 2.html
        )

)



### 28.03.2022 12:14:45
Array
(
    [title] => Бухи
    [message] => Файл загружен
    [files] => Array
        (
            [0] => 1.html
            [1] => 2.html
        )

)



### 28.03.2022 18:17:36
Array
(
    [title] => Бухи
    [message] => Файл загружен
    [files] => Array
        (
            [0] => 1.html
            [1] => 2.html
        )

)



### 28.03.2022 20:23:12
Array
(
    [title] => Бухи
    [message] => Файл загружен
    [files] => Array
        (
            [0] => 1.html
            [1] => 2.html
        )

)



### 28.03.2022 20:23:16
Array
(
    [title] => Бухи
    [message] => Файл загружен
    [files] => Array
        (
            [0] => 1.html
            [1] => 2.html
        )

)



### 28.03.2022 20:38:25
Array
(
    [title] => Бухи
    [message] => Файл загружен
    [files] => Array
        (
            [0] => 1.html
            [1] => 2.html
        )

)



### 29.03.2022 07:19:12
Array
(
    [title] => Бухи
    [message] => Файл загружен
    [files] => Array
        (
            [0] => 1.html
            [1] => 2.html
        )

)



